{"asctime": "2025-10-11 16:11:53", "name": "books_api", "levelname": "INFO", "message": "Request processed", "taskName": "Task-4", "method": "GET", "path": "/", "status_code": 200, "process_time": 0.002}
{"asctime": "2025-10-11 16:11:53", "name": "books_api", "levelname": "INFO", "message": "Request processed", "taskName": "Task-9", "method": "GET", "path": "/favicon.ico", "status_code": 404, "process_time": 0.001}
{"asctime": "2025-10-11 16:12:18", "name": "books_api", "levelname": "INFO", "message": "Request processed", "taskName": "Task-14", "method": "GET", "path": "/docs", "status_code": 200, "process_time": 0.001}
{"asctime": "2025-10-11 16:12:19", "name": "books_api", "levelname": "INFO", "message": "Request processed", "taskName": "Task-18", "method": "GET", "path": "/openapi.json", "status_code": 200, "process_time": 0.016}
{"asctime": "2025-10-11 16:15:24", "name": "books_api", "levelname": "INFO", "message": "Request processed", "taskName": "Task-24", "method": "GET", "path": "/api/v1/health", "status_code": 200, "process_time": 0.001}
{"asctime": "2025-10-11 16:16:38", "name": "books_api", "levelname": "INFO", "message": "Request processed", "taskName": "Task-31", "method": "GET", "path": "/api/v1/books", "status_code": 200, "process_time": 0.019}
{"asctime": "2025-10-11 16:16:51", "name": "books_api", "levelname": "INFO", "message": "Request processed", "taskName": "Task-36", "method": "GET", "path": "/docs", "status_code": 200, "process_time": 0.0}
{"asctime": "2025-10-11 16:16:51", "name": "books_api", "levelname": "INFO", "message": "Request processed", "taskName": "Task-40", "method": "GET", "path": "/openapi.json", "status_code": 200, "process_time": 0.0}
{"asctime": "2025-10-11 16:17:50", "name": "books_api", "levelname": "INFO", "message": "Request processed", "taskName": "Task-45", "method": "GET", "path": "/api/v1/books/search", "status_code": 200, "process_time": 0.052}
{"asctime": "2025-10-11 16:18:52", "name": "books_api", "levelname": "INFO", "message": "Request processed", "taskName": "Task-51", "method": "GET", "path": "/api/v1/books/2", "status_code": 200, "process_time": 0.01}
{"asctime": "2025-10-11 16:19:17", "name": "books_api", "levelname": "INFO", "message": "Request processed", "taskName": "Task-56", "method": "GET", "path": "/api/v1/health", "status_code": 200, "process_time": 0.001}
{"asctime": "2025-10-11 16:19:34", "name": "books_api", "levelname": "INFO", "message": "Request processed", "taskName": "Task-61", "method": "GET", "path": "/", "status_code": 200, "process_time": 0.0}
{"asctime": "2025-10-11 16:20:15", "name": "books_api", "levelname": "INFO", "message": "Request processed", "taskName": "Task-66", "method": "GET", "path": "/api/v1/categories", "status_code": 200, "process_time": 0.005}
{"asctime": "2025-10-11 16:21:25", "name": "books_api", "levelname": "INFO", "message": "Request processed", "taskName": "Task-71", "method": "GET", "path": "/api/v1/stats/overview", "status_code": 200, "process_time": 0.008}
{"asctime": "2025-10-11 16:22:11", "name": "books_api", "levelname": "INFO", "message": "Request processed", "taskName": "Task-76", "method": "GET", "path": "/api/v1/stats/categories", "status_code": 200, "process_time": 0.026}
{"asctime": "2025-10-11 16:22:44", "name": "books_api", "levelname": "INFO", "message": "Request processed", "taskName": "Task-81", "method": "GET", "path": "/api/v1/books/top-rated", "status_code": 200, "process_time": 0.002}
{"asctime": "2025-10-11 16:23:30", "name": "books_api", "levelname": "INFO", "message": "Request processed", "taskName": "Task-86", "method": "GET", "path": "/api/v1/books/price-range", "status_code": 200, "process_time": 0.005}
{"asctime": "2025-10-11 16:25:52", "name": "books_api", "levelname": "INFO", "message": "Request processed", "taskName": "Task-91", "method": "POST", "path": "/api/v1/auth/login", "status_code": 200, "process_time": 0.027}
{"asctime": "2025-10-11 16:26:27", "name": "books_api", "levelname": "INFO", "message": "Request processed", "taskName": "Task-97", "method": "GET", "path": "/api/v1/ml/features", "status_code": 403, "process_time": 0.0}
{"asctime": "2025-10-11 16:29:38", "name": "books_api", "levelname": "INFO", "message": "Request processed", "taskName": "Task-103", "method": "GET", "path": "/api/v1/scraping/trigger", "status_code": 404, "process_time": 0.001}
{"asctime": "2025-10-11 16:44:22", "name": "books_api", "levelname": "INFO", "message": "Request processed", "taskName": "Task-5", "method": "GET", "path": "/", "status_code": 200, "process_time": 0.001}
{"asctime": "2025-10-11 16:44:28", "name": "books_api", "levelname": "INFO", "message": "Request processed", "taskName": "Task-10", "method": "GET", "path": "/docs", "status_code": 200, "process_time": 0.001}
{"asctime": "2025-10-11 16:44:28", "name": "books_api", "levelname": "INFO", "message": "Request processed", "taskName": "Task-14", "method": "GET", "path": "/openapi.json", "status_code": 200, "process_time": 0.013}
{"asctime": "2025-10-11 16:46:33", "name": "books_api", "levelname": "INFO", "message": "Request processed", "taskName": "Task-19", "method": "POST", "path": "/api/v1/auth/login", "status_code": 200, "process_time": 0.005}
{"asctime": "2025-10-11 16:47:03", "name": "books_api", "levelname": "INFO", "message": "Request processed", "taskName": "Task-25", "method": "GET", "path": "/api/v1/ml/features", "status_code": 200, "process_time": 0.006}
{"asctime": "2025-10-11 16:47:48", "name": "books_api", "levelname": "INFO", "message": "Request processed", "taskName": "Task-30", "method": "GET", "path": "/api/v1/scraping/status", "status_code": 403, "process_time": 0.002}
{"asctime": "2025-10-11 16:48:01", "name": "books_api", "levelname": "INFO", "message": "Request processed", "taskName": "Task-35", "method": "POST", "path": "/api/v1/scraping/trigger", "status_code": 403, "process_time": 0.002}
{"asctime": "2025-10-11 16:48:22", "name": "books_api", "levelname": "INFO", "message": "Request processed", "taskName": "Task-40", "method": "POST", "path": "/api/v1/scraping/trigger", "status_code": 403, "process_time": 0.001}
{"asctime": "2025-10-11 16:48:35", "name": "books_api", "levelname": "INFO", "message": "Request processed", "taskName": "Task-45", "method": "GET", "path": "/api/v1/scraping/status", "status_code": 403, "process_time": 0.001}
{"asctime": "2025-10-11 16:49:19", "name": "books_api", "levelname": "INFO", "message": "Request processed", "taskName": "Task-50", "method": "POST", "path": "/api/v1/auth/login", "status_code": 200, "process_time": 0.001}
{"asctime": "2025-10-11 16:49:40", "name": "books_api", "levelname": "INFO", "message": "Request processed", "taskName": "Task-56", "method": "POST", "path": "/api/v1/scraping/trigger", "status_code": 202, "process_time": 0.002}
{"asctime": "2025-10-11 16:49:49", "name": "books_api", "levelname": "INFO", "message": "Request processed", "taskName": "Task-61", "method": "GET", "path": "/api/v1/scraping/status", "status_code": 200, "process_time": 0.002}
{"asctime": "2025-10-11 16:50:31", "name": "books_api", "levelname": "INFO", "message": "Request processed", "taskName": "Task-66", "method": "GET", "path": "/api/v1/scraping/status", "status_code": 200, "process_time": 0.002}
{"asctime": "2025-10-11 16:51:03", "name": "books_api", "levelname": "INFO", "message": "Request processed", "taskName": "Task-71", "method": "GET", "path": "/api/v1/scraping/status", "status_code": 200, "process_time": 0.002}
{"asctime": "2025-10-11 16:52:55", "name": "books_api", "levelname": "INFO", "message": "Request processed", "taskName": "Task-77", "method": "GET", "path": "/api/v1/scraping/status", "status_code": 200, "process_time": 0.001}
